c:\users\sean\documents\monash\2021\sem 2\fit1048 - c++\assignments\assignment 2 + 3\seanleea3\debug\vc142.pdb
c:\users\sean\documents\monash\2021\sem 2\fit1048 - c++\assignments\assignment 2 + 3\seanleea3\debug\vc142.idb
c:\users\sean\documents\monash\2021\sem 2\fit1048 - c++\assignments\assignment 2 + 3\seanleea3\debug\trader.obj
c:\users\sean\documents\monash\2021\sem 2\fit1048 - c++\assignments\assignment 2 + 3\seanleea3\debug\thief.obj
c:\users\sean\documents\monash\2021\sem 2\fit1048 - c++\assignments\assignment 2 + 3\seanleea3\debug\room.obj
c:\users\sean\documents\monash\2021\sem 2\fit1048 - c++\assignments\assignment 2 + 3\seanleea3\debug\raiders.obj
c:\users\sean\documents\monash\2021\sem 2\fit1048 - c++\assignments\assignment 2 + 3\seanleea3\debug\player.obj
c:\users\sean\documents\monash\2021\sem 2\fit1048 - c++\assignments\assignment 2 + 3\seanleea3\debug\pit.obj
c:\users\sean\documents\monash\2021\sem 2\fit1048 - c++\assignments\assignment 2 + 3\seanleea3\debug\oracle.obj
c:\users\sean\documents\monash\2021\sem 2\fit1048 - c++\assignments\assignment 2 + 3\seanleea3\debug\knight.obj
c:\users\sean\documents\monash\2021\sem 2\fit1048 - c++\assignments\assignment 2 + 3\seanleea3\debug\item.obj
c:\users\sean\documents\monash\2021\sem 2\fit1048 - c++\assignments\assignment 2 + 3\seanleea3\debug\hazardcontainer.obj
c:\users\sean\documents\monash\2021\sem 2\fit1048 - c++\assignments\assignment 2 + 3\seanleea3\debug\hazard.obj
c:\users\sean\documents\monash\2021\sem 2\fit1048 - c++\assignments\assignment 2 + 3\seanleea3\debug\commonfuncs.obj
c:\users\sean\documents\monash\2021\sem 2\fit1048 - c++\assignments\assignment 2 + 3\seanleea3\debug\ccrats.obj
c:\users\sean\documents\monash\2021\sem 2\fit1048 - c++\assignments\assignment 2 + 3\seanleea3\debug\arigamo.obj
c:\users\sean\documents\monash\2021\sem 2\fit1048 - c++\assignments\assignment 2 + 3\seanleea3\debug\application.obj
c:\users\sean\documents\monash\2021\sem 2\fit1048 - c++\assignments\assignment 2 + 3\seanleea3\debug\roomcontainer.obj
c:\users\sean\documents\monash\2021\sem 2\fit1048 - c++\assignments\assignment 2 + 3\seanleea3\debug\eventqueue.obj
c:\users\sean\documents\monash\2021\sem 2\fit1048 - c++\assignments\assignment 2 + 3\seanleea3\debug\seanleea3.exe
c:\users\sean\documents\monash\2021\sem 2\fit1048 - c++\assignments\assignment 2 + 3\seanleea3\debug\seanleea3.ilk
c:\users\sean\documents\monash\2021\sem 2\fit1048 - c++\assignments\assignment 2 + 3\seanleea3\debug\seanleea3.pdb
c:\users\sean\documents\monash\2021\sem 2\fit1048 - c++\assignments\assignment 2 + 3\seanleea3\debug\application.obj.enc
c:\users\sean\documents\monash\2021\sem 2\fit1048 - c++\assignments\assignment 2 + 3\seanleea3\debug\oracle.obj.enc
c:\users\sean\documents\monash\2021\sem 2\fit1048 - c++\assignments\assignment 2 + 3\seanleea3\debug\player.obj.enc
c:\users\sean\documents\monash\2021\sem 2\fit1048 - c++\assignments\assignment 2 + 3\seanleea3\debug\seanleea3.tlog\cl.command.1.tlog
c:\users\sean\documents\monash\2021\sem 2\fit1048 - c++\assignments\assignment 2 + 3\seanleea3\debug\seanleea3.tlog\cl.read.1.tlog
c:\users\sean\documents\monash\2021\sem 2\fit1048 - c++\assignments\assignment 2 + 3\seanleea3\debug\seanleea3.tlog\cl.write.1.tlog
c:\users\sean\documents\monash\2021\sem 2\fit1048 - c++\assignments\assignment 2 + 3\seanleea3\debug\seanleea3.tlog\link.command.1.tlog
c:\users\sean\documents\monash\2021\sem 2\fit1048 - c++\assignments\assignment 2 + 3\seanleea3\debug\seanleea3.tlog\link.read.1.tlog
c:\users\sean\documents\monash\2021\sem 2\fit1048 - c++\assignments\assignment 2 + 3\seanleea3\debug\seanleea3.tlog\link.write.1.tlog
